<?xml version="1.0" encoding="UTF-8"?>
<!-- Generated by org.testng.reporters.JUnitReportReporter -->
<testsuite hostname="ATUL" failures="0" tests="6" name="com.bookart.testcases.TC_4_Login_Test" time="23.922" errors="0" timestamp="2023-08-08T00:48:54 IST" skipped="3">
  <testcase classname="com.bookart.testcases.TC_4_Login_Test" name="LaunchedLoginURL" time="2.190"/>
  <system-out/>
  <testcase classname="com.bookart.testcases.TC_4_Login_Test" name="Verify_RegCutomer_LoginAccount_ValidCredentials" time="16.071"/>
  <system-out/>
  <testcase classname="com.bookart.testcases.TC_4_Login_Test" name="Verify_Newsletter_AfterLogin" time="5.661"/>
  <system-out/>
  <testcase classname="com.bookart.testcases.TC_4_Login_Test" name="Verify_RegCutomer_Login_With_Google_ValidCredentials">
    <skipped/>
  </testcase> <!-- Verify_RegCutomer_Login_With_Google_ValidCredentials -->
  <system-out/>
  <testcase classname="com.bookart.testcases.TC_4_Login_Test" name="HandleNewsletterPopup">
    <skipped/>
  </testcase> <!-- HandleNewsletterPopup -->
  <system-out/>
  <testcase classname="com.bookart.testcases.TC_4_Login_Test" name="EnterLoginDetails">
    <skipped/>
  </testcase> <!-- EnterLoginDetails -->
  <system-out/>
</testsuite> <!-- com.bookart.testcases.TC_4_Login_Test -->
