<?xml version="1.0" encoding="UTF-8"?>
<!-- Generated by org.testng.reporters.JUnitReportReporter -->
<testsuite hostname="ATUL" failures="0" tests="9" name="com.bookart.testcases.TC_2_UiHomePage" time="69.425" errors="0" timestamp="2023-08-08T01:22:21 IST" skipped="0">
  <testcase classname="com.bookart.testcases.TC_2_UiHomePage" name="A_LaunchedBaseURL" time="2.427"/>
  <system-out/>
  <testcase classname="com.bookart.testcases.TC_2_UiHomePage" name="TC_Verify_LaunchedBaseURL" time="1.438"/>
  <system-out/>
  <testcase classname="com.bookart.testcases.TC_2_UiHomePage" name="TC_Verify_to_HandleNewsletterPopup" time="4.968"/>
  <system-out/>
  <testcase classname="com.bookart.testcases.TC_2_UiHomePage" name="verifybookbtn" time="2.917"/>
  <system-out/>
  <testcase classname="com.bookart.testcases.TC_2_UiHomePage" name="currentAffairs" time="2.353"/>
  <system-out/>
  <testcase classname="com.bookart.testcases.TC_2_UiHomePage" name="drishti" time="44.307"/>
  <system-out/>
  <testcase classname="com.bookart.testcases.TC_2_UiHomePage" name="maheshkumar" time="2.401"/>
  <system-out/>
  <testcase classname="com.bookart.testcases.TC_2_UiHomePage" name="thevision" time="4.026"/>
  <system-out/>
  <testcase classname="com.bookart.testcases.TC_2_UiHomePage" name="whatsappIcon" time="4.588"/>
  <system-out/>
</testsuite> <!-- com.bookart.testcases.TC_2_UiHomePage -->
