<?xml version="1.0" encoding="UTF-8"?>
<!-- Generated by org.testng.reporters.JUnitReportReporter -->
<testsuite hostname="ATUL" failures="0" tests="9" name="com.bookart.testcases.TC_2_UiHomePage" time="77.386" errors="0" timestamp="2023-08-08T01:29:12 IST" skipped="0">
  <testcase classname="com.bookart.testcases.TC_2_UiHomePage" name="A_LaunchedBaseURL" time="4.450"/>
  <system-out/>
  <testcase classname="com.bookart.testcases.TC_2_UiHomePage" name="TC_Verify_LaunchedBaseURL" time="1.641"/>
  <system-out/>
  <testcase classname="com.bookart.testcases.TC_2_UiHomePage" name="TC_Verify_to_HandleNewsletterPopup" time="5.771"/>
  <system-out/>
  <testcase classname="com.bookart.testcases.TC_2_UiHomePage" name="verifybookbtn" time="2.996"/>
  <system-out/>
  <testcase classname="com.bookart.testcases.TC_2_UiHomePage" name="currentAffairs" time="3.192"/>
  <system-out/>
  <testcase classname="com.bookart.testcases.TC_2_UiHomePage" name="drishti" time="44.387"/>
  <system-out/>
  <testcase classname="com.bookart.testcases.TC_2_UiHomePage" name="maheshkumar" time="4.941"/>
  <system-out/>
  <testcase classname="com.bookart.testcases.TC_2_UiHomePage" name="thevision" time="6.344"/>
  <system-out/>
  <testcase classname="com.bookart.testcases.TC_2_UiHomePage" name="whatsappIcon" time="3.664"/>
  <system-out/>
</testsuite> <!-- com.bookart.testcases.TC_2_UiHomePage -->
